<?xml version="1.0" encoding="UTF-8"?>
<testng-results ignored="0" total="1" passed="1" failed="0" skipped="0">
  <reporter-output>
  </reporter-output>
  <suite started-at="2025-12-25T21:17:36 IST" name="Default suite" finished-at="2025-12-25T21:18:16 IST" duration-ms="40247">
    <groups>
    </groups>
    <test started-at="2025-12-25T21:17:36 IST" name="Default test" finished-at="2025-12-25T21:18:16 IST" duration-ms="40247">
      <class name="com.myntra.MyntraE2E">
        <test-method is-config="true" signature="setup()[pri:0, instance:com.myntra.MyntraE2E@5afa3c9]" started-at="2025-12-25T21:17:36 IST" name="setup" finished-at="2025-12-25T21:17:56 IST" duration-ms="19487" status="PASS">
          <reporter-output>
          </reporter-output>
        </test-method> <!-- setup -->
        <test-method signature="myntra()[pri:0, instance:com.myntra.MyntraE2E@5afa3c9]" started-at="2025-12-25T21:17:56 IST" name="myntra" finished-at="2025-12-25T21:18:15 IST" duration-ms="19105" status="PASS">
          <reporter-output>
          </reporter-output>
        </test-method> <!-- myntra -->
        <test-method is-config="true" signature="tearDown()[pri:0, instance:com.myntra.MyntraE2E@5afa3c9]" started-at="2025-12-25T21:18:15 IST" name="tearDown" finished-at="2025-12-25T21:18:16 IST" duration-ms="1451" status="PASS">
          <reporter-output>
          </reporter-output>
        </test-method> <!-- tearDown -->
      </class> <!-- com.myntra.MyntraE2E -->
    </test> <!-- Default test -->
  </suite> <!-- Default suite -->
</testng-results>
